{
  "D:\\cpv_nextgen_ui\\src\\components\\Loading\\Spinner.js": {
    "path": "D:\\cpv_nextgen_ui\\src\\components\\Loading\\Spinner.js",
    "statementMap": {
      "0": {
        "start": {
          "line": 7,
          "column": 29
        },
        "end": {
          "line": 7,
          "column": 45
        }
      },
      "1": {
        "start": {
          "line": 9,
          "column": 2
        },
        "end": {
          "line": 9,
          "column": 66
        }
      },
      "2": {
        "start": {
          "line": 11,
          "column": 16
        },
        "end": {
          "line": 17,
          "column": 1
        }
      },
      "3": {
        "start": {
          "line": 12,
          "column": 2
        },
        "end": {
          "line": 16,
          "column": 4
        }
      }
    },
    "fnMap": {
      "0": {
        "name": "(anonymous_0)",
        "decl": {
          "start": {
            "line": 11,
            "column": 16
          },
          "end": {
            "line": 11,
            "column": 17
          }
        },
        "loc": {
          "start": {
            "line": 11,
            "column": 30
          },
          "end": {
            "line": 17,
            "column": 1
          }
        },
        "line": 11
      }
    },
    "branchMap": {
      "0": {
        "loc": {
          "start": {
            "line": 14,
            "column": 17
          },
          "end": {
            "line": 14,
            "column": 45
          }
        },
        "type": "binary-expr",
        "locations": [
          {
            "start": {
              "line": 14,
              "column": 17
            },
            "end": {
              "line": 14,
              "column": 21
            }
          },
          {
            "start": {
              "line": 14,
              "column": 25
            },
            "end": {
              "line": 14,
              "column": 45
            }
          }
        ],
        "line": 14
      }
    },
    "s": {
      "0": 7,
      "1": 7,
      "2": 7,
      "3": 42
    },
    "f": {
      "0": 42
    },
    "b": {
      "0": [
        42,
        42
      ]
    },
    "_coverageSchema": "1a1c01bbd47fc00a2c39e90264f33305004495a9",
    "hash": "6ab0ef4bf236be01f75bc8816ffd38b708fb95a1"
  },
  "D:\\cpv_nextgen_ui\\src\\components\\Loading\\index.js": {
    "path": "D:\\cpv_nextgen_ui\\src\\components\\Loading\\index.js",
    "statementMap": {
      "0": {
        "start": {
          "line": 4,
          "column": 16
        },
        "end": {
          "line": 15,
          "column": 1
        }
      },
      "1": {
        "start": {
          "line": 5,
          "column": 2
        },
        "end": {
          "line": 14,
          "column": 4
        }
      }
    },
    "fnMap": {
      "0": {
        "name": "(anonymous_0)",
        "decl": {
          "start": {
            "line": 4,
            "column": 16
          },
          "end": {
            "line": 4,
            "column": 17
          }
        },
        "loc": {
          "start": {
            "line": 4,
            "column": 36
          },
          "end": {
            "line": 15,
            "column": 1
          }
        },
        "line": 4
      }
    },
    "branchMap": {
      "0": {
        "loc": {
          "start": {
            "line": 7,
            "column": 7
          },
          "end": {
            "line": 12,
            "column": 14
          }
        },
        "type": "cond-expr",
        "locations": [
          {
            "start": {
              "line": 8,
              "column": 8
            },
            "end": {
              "line": 11,
              "column": 11
            }
          },
          {
            "start": {
              "line": 12,
              "column": 10
            },
            "end": {
              "line": 12,
              "column": 14
            }
          }
        ],
        "line": 7
      }
    },
    "s": {
      "0": 7,
      "1": 71
    },
    "f": {
      "0": 71
    },
    "b": {
      "0": [
        17,
        54
      ]
    },
    "_coverageSchema": "1a1c01bbd47fc00a2c39e90264f33305004495a9",
    "hash": "12ad44be609696c1486ccb14e190b8f55185c862"
  },
  "D:\\cpv_nextgen_ui\\src\\duck\\types\\types.js": {
    "path": "D:\\cpv_nextgen_ui\\src\\duck\\types\\types.js",
    "statementMap": {
      "0": {
        "start": {
          "line": 1,
          "column": 21
        },
        "end": {
          "line": 1,
          "column": 35
        }
      },
      "1": {
        "start": {
          "line": 2,
          "column": 21
        },
        "end": {
          "line": 2,
          "column": 35
        }
      },
      "2": {
        "start": {
          "line": 3,
          "column": 26
        },
        "end": {
          "line": 3,
          "column": 45
        }
      },
      "3": {
        "start": {
          "line": 4,
          "column": 26
        },
        "end": {
          "line": 4,
          "column": 45
        }
      },
      "4": {
        "start": {
          "line": 5,
          "column": 18
        },
        "end": {
          "line": 5,
          "column": 29
        }
      },
      "5": {
        "start": {
          "line": 6,
          "column": 28
        },
        "end": {
          "line": 6,
          "column": 49
        }
      },
      "6": {
        "start": {
          "line": 7,
          "column": 20
        },
        "end": {
          "line": 7,
          "column": 33
        }
      },
      "7": {
        "start": {
          "line": 8,
          "column": 22
        },
        "end": {
          "line": 8,
          "column": 37
        }
      },
      "8": {
        "start": {
          "line": 9,
          "column": 22
        },
        "end": {
          "line": 9,
          "column": 37
        }
      },
      "9": {
        "start": {
          "line": 10,
          "column": 20
        },
        "end": {
          "line": 10,
          "column": 33
        }
      }
    },
    "fnMap": {},
    "branchMap": {},
    "s": {
      "0": 7,
      "1": 7,
      "2": 7,
      "3": 7,
      "4": 7,
      "5": 7,
      "6": 7,
      "7": 7,
      "8": 7,
      "9": 7
    },
    "f": {},
    "b": {},
    "_coverageSchema": "1a1c01bbd47fc00a2c39e90264f33305004495a9",
    "hash": "4da4dfa076c5de1e58e387de6f3fb313afa944a6"
  },
  "D:\\cpv_nextgen_ui\\src\\duck\\actions\\commonActions.js": {
    "path": "D:\\cpv_nextgen_ui\\src\\duck\\actions\\commonActions.js",
    "statementMap": {
      "0": {
        "start": {
          "line": 11,
          "column": 26
        },
        "end": {
          "line": 15,
          "column": 1
        }
      },
      "1": {
        "start": {
          "line": 11,
          "column": 32
        },
        "end": {
          "line": 15,
          "column": 1
        }
      },
      "2": {
        "start": {
          "line": 12,
          "column": 2
        },
        "end": {
          "line": 14,
          "column": 5
        }
      },
      "3": {
        "start": {
          "line": 16,
          "column": 26
        },
        "end": {
          "line": 21,
          "column": 1
        }
      },
      "4": {
        "start": {
          "line": 16,
          "column": 32
        },
        "end": {
          "line": 21,
          "column": 1
        }
      },
      "5": {
        "start": {
          "line": 17,
          "column": 2
        },
        "end": {
          "line": 20,
          "column": 5
        }
      },
      "6": {
        "start": {
          "line": 22,
          "column": 26
        },
        "end": {
          "line": 27,
          "column": 1
        }
      },
      "7": {
        "start": {
          "line": 22,
          "column": 32
        },
        "end": {
          "line": 27,
          "column": 1
        }
      },
      "8": {
        "start": {
          "line": 23,
          "column": 2
        },
        "end": {
          "line": 26,
          "column": 5
        }
      },
      "9": {
        "start": {
          "line": 28,
          "column": 32
        },
        "end": {
          "line": 38,
          "column": 1
        }
      },
      "10": {
        "start": {
          "line": 28,
          "column": 64
        },
        "end": {
          "line": 38,
          "column": 1
        }
      },
      "11": {
        "start": {
          "line": 29,
          "column": 2
        },
        "end": {
          "line": 37,
          "column": 5
        }
      },
      "12": {
        "start": {
          "line": 39,
          "column": 32
        },
        "end": {
          "line": 46,
          "column": 1
        }
      },
      "13": {
        "start": {
          "line": 39,
          "column": 38
        },
        "end": {
          "line": 46,
          "column": 1
        }
      },
      "14": {
        "start": {
          "line": 40,
          "column": 2
        },
        "end": {
          "line": 45,
          "column": 5
        }
      },
      "15": {
        "start": {
          "line": 48,
          "column": 24
        },
        "end": {
          "line": 53,
          "column": 1
        }
      },
      "16": {
        "start": {
          "line": 48,
          "column": 35
        },
        "end": {
          "line": 53,
          "column": 1
        }
      },
      "17": {
        "start": {
          "line": 49,
          "column": 2
        },
        "end": {
          "line": 52,
          "column": 5
        }
      },
      "18": {
        "start": {
          "line": 55,
          "column": 33
        },
        "end": {
          "line": 60,
          "column": 1
        }
      },
      "19": {
        "start": {
          "line": 55,
          "column": 43
        },
        "end": {
          "line": 60,
          "column": 1
        }
      },
      "20": {
        "start": {
          "line": 56,
          "column": 2
        },
        "end": {
          "line": 59,
          "column": 5
        }
      }
    },
    "fnMap": {
      "0": {
        "name": "(anonymous_0)",
        "decl": {
          "start": {
            "line": 11,
            "column": 26
          },
          "end": {
            "line": 11,
            "column": 27
          }
        },
        "loc": {
          "start": {
            "line": 11,
            "column": 32
          },
          "end": {
            "line": 15,
            "column": 1
          }
        },
        "line": 11
      },
      "1": {
        "name": "(anonymous_1)",
        "decl": {
          "start": {
            "line": 11,
            "column": 32
          },
          "end": {
            "line": 11,
            "column": 33
          }
        },
        "loc": {
          "start": {
            "line": 11,
            "column": 46
          },
          "end": {
            "line": 15,
            "column": 1
          }
        },
        "line": 11
      },
      "2": {
        "name": "(anonymous_2)",
        "decl": {
          "start": {
            "line": 16,
            "column": 26
          },
          "end": {
            "line": 16,
            "column": 27
          }
        },
        "loc": {
          "start": {
            "line": 16,
            "column": 32
          },
          "end": {
            "line": 21,
            "column": 1
          }
        },
        "line": 16
      },
      "3": {
        "name": "(anonymous_3)",
        "decl": {
          "start": {
            "line": 16,
            "column": 32
          },
          "end": {
            "line": 16,
            "column": 33
          }
        },
        "loc": {
          "start": {
            "line": 16,
            "column": 46
          },
          "end": {
            "line": 21,
            "column": 1
          }
        },
        "line": 16
      },
      "4": {
        "name": "(anonymous_4)",
        "decl": {
          "start": {
            "line": 22,
            "column": 26
          },
          "end": {
            "line": 22,
            "column": 27
          }
        },
        "loc": {
          "start": {
            "line": 22,
            "column": 32
          },
          "end": {
            "line": 27,
            "column": 1
          }
        },
        "line": 22
      },
      "5": {
        "name": "(anonymous_5)",
        "decl": {
          "start": {
            "line": 22,
            "column": 32
          },
          "end": {
            "line": 22,
            "column": 33
          }
        },
        "loc": {
          "start": {
            "line": 22,
            "column": 46
          },
          "end": {
            "line": 27,
            "column": 1
          }
        },
        "line": 22
      },
      "6": {
        "name": "(anonymous_6)",
        "decl": {
          "start": {
            "line": 28,
            "column": 32
          },
          "end": {
            "line": 28,
            "column": 33
          }
        },
        "loc": {
          "start": {
            "line": 28,
            "column": 64
          },
          "end": {
            "line": 38,
            "column": 1
          }
        },
        "line": 28
      },
      "7": {
        "name": "(anonymous_7)",
        "decl": {
          "start": {
            "line": 28,
            "column": 64
          },
          "end": {
            "line": 28,
            "column": 65
          }
        },
        "loc": {
          "start": {
            "line": 28,
            "column": 78
          },
          "end": {
            "line": 38,
            "column": 1
          }
        },
        "line": 28
      },
      "8": {
        "name": "(anonymous_8)",
        "decl": {
          "start": {
            "line": 39,
            "column": 32
          },
          "end": {
            "line": 39,
            "column": 33
          }
        },
        "loc": {
          "start": {
            "line": 39,
            "column": 38
          },
          "end": {
            "line": 46,
            "column": 1
          }
        },
        "line": 39
      },
      "9": {
        "name": "(anonymous_9)",
        "decl": {
          "start": {
            "line": 39,
            "column": 38
          },
          "end": {
            "line": 39,
            "column": 39
          }
        },
        "loc": {
          "start": {
            "line": 39,
            "column": 52
          },
          "end": {
            "line": 46,
            "column": 1
          }
        },
        "line": 39
      },
      "10": {
        "name": "(anonymous_10)",
        "decl": {
          "start": {
            "line": 48,
            "column": 24
          },
          "end": {
            "line": 48,
            "column": 25
          }
        },
        "loc": {
          "start": {
            "line": 48,
            "column": 35
          },
          "end": {
            "line": 53,
            "column": 1
          }
        },
        "line": 48
      },
      "11": {
        "name": "(anonymous_11)",
        "decl": {
          "start": {
            "line": 48,
            "column": 35
          },
          "end": {
            "line": 48,
            "column": 36
          }
        },
        "loc": {
          "start": {
            "line": 48,
            "column": 49
          },
          "end": {
            "line": 53,
            "column": 1
          }
        },
        "line": 48
      },
      "12": {
        "name": "(anonymous_12)",
        "decl": {
          "start": {
            "line": 55,
            "column": 33
          },
          "end": {
            "line": 55,
            "column": 34
          }
        },
        "loc": {
          "start": {
            "line": 55,
            "column": 43
          },
          "end": {
            "line": 60,
            "column": 1
          }
        },
        "line": 55
      },
      "13": {
        "name": "(anonymous_13)",
        "decl": {
          "start": {
            "line": 55,
            "column": 43
          },
          "end": {
            "line": 55,
            "column": 44
          }
        },
        "loc": {
          "start": {
            "line": 55,
            "column": 57
          },
          "end": {
            "line": 60,
            "column": 1
          }
        },
        "line": 55
      }
    },
    "branchMap": {},
    "s": {
      "0": 7,
      "1": 0,
      "2": 0,
      "3": 7,
      "4": 13,
      "5": 13,
      "6": 7,
      "7": 9,
      "8": 9,
      "9": 7,
      "10": 0,
      "11": 0,
      "12": 7,
      "13": 0,
      "14": 0,
      "15": 7,
      "16": 0,
      "17": 0,
      "18": 7,
      "19": 0,
      "20": 0
    },
    "f": {
      "0": 0,
      "1": 0,
      "2": 13,
      "3": 13,
      "4": 9,
      "5": 9,
      "6": 0,
      "7": 0,
      "8": 0,
      "9": 0,
      "10": 0,
      "11": 0,
      "12": 0,
      "13": 0
    },
    "b": {},
    "_coverageSchema": "1a1c01bbd47fc00a2c39e90264f33305004495a9",
    "hash": "4e9e074908b475ad3c65a67d502f087e87f8f540"
  },
  "D:\\cpv_nextgen_ui\\src\\components\\Notification\\index.js": {
    "path": "D:\\cpv_nextgen_ui\\src\\components\\Notification\\index.js",
    "statementMap": {
      "0": {
        "start": {
          "line": 8,
          "column": 26
        },
        "end": {
          "line": 8,
          "column": 36
        }
      },
      "1": {
        "start": {
          "line": 10,
          "column": 21
        },
        "end": {
          "line": 41,
          "column": 1
        }
      },
      "2": {
        "start": {
          "line": 11,
          "column": 19
        },
        "end": {
          "line": 11,
          "column": 75
        }
      },
      "3": {
        "start": {
          "line": 11,
          "column": 42
        },
        "end": {
          "line": 11,
          "column": 74
        }
      },
      "4": {
        "start": {
          "line": 12,
          "column": 21
        },
        "end": {
          "line": 12,
          "column": 34
        }
      },
      "5": {
        "start": {
          "line": 13,
          "column": 51
        },
        "end": {
          "line": 13,
          "column": 57
        }
      },
      "6": {
        "start": {
          "line": 15,
          "column": 17
        },
        "end": {
          "line": 28,
          "column": 5
        }
      },
      "7": {
        "start": {
          "line": 17,
          "column": 31
        },
        "end": {
          "line": 17,
          "column": 45
        }
      },
      "8": {
        "start": {
          "line": 18,
          "column": 12
        },
        "end": {
          "line": 25,
          "column": 15
        }
      },
      "9": {
        "start": {
          "line": 23,
          "column": 20
        },
        "end": {
          "line": 23,
          "column": 49
        }
      },
      "10": {
        "start": {
          "line": 29,
          "column": 17
        },
        "end": {
          "line": 31,
          "column": 5
        }
      },
      "11": {
        "start": {
          "line": 30,
          "column": 8
        },
        "end": {
          "line": 30,
          "column": 31
        }
      },
      "12": {
        "start": {
          "line": 33,
          "column": 4
        },
        "end": {
          "line": 39,
          "column": 23
        }
      },
      "13": {
        "start": {
          "line": 34,
          "column": 8
        },
        "end": {
          "line": 38,
          "column": 9
        }
      },
      "14": {
        "start": {
          "line": 35,
          "column": 12
        },
        "end": {
          "line": 35,
          "column": 19
        }
      },
      "15": {
        "start": {
          "line": 37,
          "column": 12
        },
        "end": {
          "line": 37,
          "column": 19
        }
      },
      "16": {
        "start": {
          "line": 40,
          "column": 4
        },
        "end": {
          "line": 40,
          "column": 17
        }
      }
    },
    "fnMap": {
      "0": {
        "name": "(anonymous_0)",
        "decl": {
          "start": {
            "line": 10,
            "column": 21
          },
          "end": {
            "line": 10,
            "column": 22
          }
        },
        "loc": {
          "start": {
            "line": 10,
            "column": 27
          },
          "end": {
            "line": 41,
            "column": 1
          }
        },
        "line": 10
      },
      "1": {
        "name": "(anonymous_1)",
        "decl": {
          "start": {
            "line": 11,
            "column": 31
          },
          "end": {
            "line": 11,
            "column": 32
          }
        },
        "loc": {
          "start": {
            "line": 11,
            "column": 42
          },
          "end": {
            "line": 11,
            "column": 74
          }
        },
        "line": 11
      },
      "2": {
        "name": "(anonymous_2)",
        "decl": {
          "start": {
            "line": 16,
            "column": 8
          },
          "end": {
            "line": 16,
            "column": 9
          }
        },
        "loc": {
          "start": {
            "line": 16,
            "column": 23
          },
          "end": {
            "line": 26,
            "column": 9
          }
        },
        "line": 16
      },
      "3": {
        "name": "(anonymous_3)",
        "decl": {
          "start": {
            "line": 22,
            "column": 25
          },
          "end": {
            "line": 22,
            "column": 26
          }
        },
        "loc": {
          "start": {
            "line": 22,
            "column": 31
          },
          "end": {
            "line": 24,
            "column": 17
          }
        },
        "line": 22
      },
      "4": {
        "name": "(anonymous_4)",
        "decl": {
          "start": {
            "line": 29,
            "column": 17
          },
          "end": {
            "line": 29,
            "column": 18
          }
        },
        "loc": {
          "start": {
            "line": 29,
            "column": 23
          },
          "end": {
            "line": 31,
            "column": 5
          }
        },
        "line": 29
      },
      "5": {
        "name": "(anonymous_5)",
        "decl": {
          "start": {
            "line": 33,
            "column": 14
          },
          "end": {
            "line": 33,
            "column": 15
          }
        },
        "loc": {
          "start": {
            "line": 33,
            "column": 20
          },
          "end": {
            "line": 39,
            "column": 5
          }
        },
        "line": 33
      }
    },
    "branchMap": {
      "0": {
        "loc": {
          "start": {
            "line": 17,
            "column": 31
          },
          "end": {
            "line": 17,
            "column": 45
          }
        },
        "type": "binary-expr",
        "locations": [
          {
            "start": {
              "line": 17,
              "column": 31
            },
            "end": {
              "line": 17,
              "column": 35
            }
          },
          {
            "start": {
              "line": 17,
              "column": 39
            },
            "end": {
              "line": 17,
              "column": 45
            }
          }
        ],
        "line": 17
      },
      "1": {
        "loc": {
          "start": {
            "line": 21,
            "column": 27
          },
          "end": {
            "line": 21,
            "column": 57
          }
        },
        "type": "binary-expr",
        "locations": [
          {
            "start": {
              "line": 21,
              "column": 27
            },
            "end": {
              "line": 21,
              "column": 36
            }
          },
          {
            "start": {
              "line": 21,
              "column": 40
            },
            "end": {
              "line": 21,
              "column": 57
            }
          }
        ],
        "line": 21
      },
      "2": {
        "loc": {
          "start": {
            "line": 34,
            "column": 8
          },
          "end": {
            "line": 38,
            "column": 9
          }
        },
        "type": "if",
        "locations": [
          {
            "start": {
              "line": 34,
              "column": 8
            },
            "end": {
              "line": 38,
              "column": 9
            }
          },
          {
            "start": {
              "line": 34,
              "column": 8
            },
            "end": {
              "line": 38,
              "column": 9
            }
          }
        ],
        "line": 34
      }
    },
    "s": {
      "0": 7,
      "1": 7,
      "2": 35,
      "3": 89,
      "4": 35,
      "5": 35,
      "6": 35,
      "7": 0,
      "8": 0,
      "9": 0,
      "10": 35,
      "11": 7,
      "12": 35,
      "13": 7,
      "14": 0,
      "15": 7,
      "16": 35
    },
    "f": {
      "0": 35,
      "1": 89,
      "2": 0,
      "3": 0,
      "4": 7,
      "5": 7
    },
    "b": {
      "0": [
        0,
        0
      ],
      "1": [
        0,
        0
      ],
      "2": [
        0,
        7
      ]
    },
    "_coverageSchema": "1a1c01bbd47fc00a2c39e90264f33305004495a9",
    "hash": "6ee7f4d643a354d1a80a783d899dda9d9e7bafa4"
  },
  "D:\\cpv_nextgen_ui\\src\\components\\SuspenseWrapper.js": {
    "path": "D:\\cpv_nextgen_ui\\src\\components\\SuspenseWrapper.js",
    "statementMap": {
      "0": {
        "start": {
          "line": 5,
          "column": 24
        },
        "end": {
          "line": 7,
          "column": 1
        }
      },
      "1": {
        "start": {
          "line": 6,
          "column": 4
        },
        "end": {
          "line": 6,
          "column": 66
        }
      }
    },
    "fnMap": {
      "0": {
        "name": "(anonymous_0)",
        "decl": {
          "start": {
            "line": 5,
            "column": 24
          },
          "end": {
            "line": 5,
            "column": 25
          }
        },
        "loc": {
          "start": {
            "line": 5,
            "column": 42
          },
          "end": {
            "line": 7,
            "column": 1
          }
        },
        "line": 5
      }
    },
    "branchMap": {},
    "s": {
      "0": 7,
      "1": 60
    },
    "f": {
      "0": 60
    },
    "b": {},
    "_coverageSchema": "1a1c01bbd47fc00a2c39e90264f33305004495a9",
    "hash": "4e4d6dcf41016947868859971f2bc9ef5f561165"
  },
  "D:\\cpv_nextgen_ui\\src\\app\\index.js": {
    "path": "D:\\cpv_nextgen_ui\\src\\app\\index.js",
    "statementMap": {
      "0": {
        "start": {
          "line": 10,
          "column": 18
        },
        "end": {
          "line": 10,
          "column": 51
        }
      },
      "1": {
        "start": {
          "line": 10,
          "column": 29
        },
        "end": {
          "line": 10,
          "column": 50
        }
      },
      "2": {
        "start": {
          "line": 11,
          "column": 16
        },
        "end": {
          "line": 11,
          "column": 44
        }
      },
      "3": {
        "start": {
          "line": 11,
          "column": 27
        },
        "end": {
          "line": 11,
          "column": 43
        }
      },
      "4": {
        "start": {
          "line": 13,
          "column": 12
        },
        "end": {
          "line": 37,
          "column": 1
        }
      },
      "5": {
        "start": {
          "line": 14,
          "column": 16
        },
        "end": {
          "line": 14,
          "column": 31
        }
      },
      "6": {
        "start": {
          "line": 15,
          "column": 22
        },
        "end": {
          "line": 15,
          "column": 77
        }
      },
      "7": {
        "start": {
          "line": 15,
          "column": 45
        },
        "end": {
          "line": 15,
          "column": 76
        }
      },
      "8": {
        "start": {
          "line": 16,
          "column": 2
        },
        "end": {
          "line": 36,
          "column": 4
        }
      }
    },
    "fnMap": {
      "0": {
        "name": "(anonymous_0)",
        "decl": {
          "start": {
            "line": 10,
            "column": 23
          },
          "end": {
            "line": 10,
            "column": 24
          }
        },
        "loc": {
          "start": {
            "line": 10,
            "column": 29
          },
          "end": {
            "line": 10,
            "column": 50
          }
        },
        "line": 10
      },
      "1": {
        "name": "(anonymous_1)",
        "decl": {
          "start": {
            "line": 11,
            "column": 21
          },
          "end": {
            "line": 11,
            "column": 22
          }
        },
        "loc": {
          "start": {
            "line": 11,
            "column": 27
          },
          "end": {
            "line": 11,
            "column": 43
          }
        },
        "line": 11
      },
      "2": {
        "name": "(anonymous_2)",
        "decl": {
          "start": {
            "line": 13,
            "column": 12
          },
          "end": {
            "line": 13,
            "column": 13
          }
        },
        "loc": {
          "start": {
            "line": 13,
            "column": 18
          },
          "end": {
            "line": 37,
            "column": 1
          }
        },
        "line": 13
      },
      "3": {
        "name": "(anonymous_3)",
        "decl": {
          "start": {
            "line": 15,
            "column": 34
          },
          "end": {
            "line": 15,
            "column": 35
          }
        },
        "loc": {
          "start": {
            "line": 15,
            "column": 45
          },
          "end": {
            "line": 15,
            "column": 76
          }
        },
        "line": 15
      }
    },
    "branchMap": {
      "0": {
        "loc": {
          "start": {
            "line": 20,
            "column": 29
          },
          "end": {
            "line": 20,
            "column": 50
          }
        },
        "type": "cond-expr",
        "locations": [
          {
            "start": {
              "line": 20,
              "column": 43
            },
            "end": {
              "line": 20,
              "column": 46
            }
          },
          {
            "start": {
              "line": 20,
              "column": 49
            },
            "end": {
              "line": 20,
              "column": 50
            }
          }
        ],
        "line": 20
      }
    },
    "s": {
      "0": 7,
      "1": 3,
      "2": 7,
      "3": 7,
      "4": 7,
      "5": 35,
      "6": 35,
      "7": 89,
      "8": 35
    },
    "f": {
      "0": 3,
      "1": 7,
      "2": 35,
      "3": 89
    },
    "b": {
      "0": [
        12,
        23
      ]
    },
    "_coverageSchema": "1a1c01bbd47fc00a2c39e90264f33305004495a9",
    "hash": "470085669fae47b4028b39e9c39a346e0bc4319f"
  },
  "D:\\cpv_nextgen_ui\\src\\constants\\actionTypes.js": {
    "path": "D:\\cpv_nextgen_ui\\src\\constants\\actionTypes.js",
    "statementMap": {
      "0": {
        "start": {
          "line": 1,
          "column": 35
        },
        "end": {
          "line": 1,
          "column": 56
        }
      },
      "1": {
        "start": {
          "line": 2,
          "column": 36
        },
        "end": {
          "line": 2,
          "column": 58
        }
      },
      "2": {
        "start": {
          "line": 3,
          "column": 33
        },
        "end": {
          "line": 3,
          "column": 52
        }
      },
      "3": {
        "start": {
          "line": 4,
          "column": 35
        },
        "end": {
          "line": 4,
          "column": 56
        }
      },
      "4": {
        "start": {
          "line": 5,
          "column": 36
        },
        "end": {
          "line": 5,
          "column": 58
        }
      },
      "5": {
        "start": {
          "line": 6,
          "column": 35
        },
        "end": {
          "line": 6,
          "column": 56
        }
      },
      "6": {
        "start": {
          "line": 7,
          "column": 28
        },
        "end": {
          "line": 7,
          "column": 42
        }
      },
      "7": {
        "start": {
          "line": 9,
          "column": 26
        },
        "end": {
          "line": 9,
          "column": 38
        }
      },
      "8": {
        "start": {
          "line": 10,
          "column": 25
        },
        "end": {
          "line": 10,
          "column": 36
        }
      },
      "9": {
        "start": {
          "line": 12,
          "column": 31
        },
        "end": {
          "line": 12,
          "column": 48
        }
      },
      "10": {
        "start": {
          "line": 13,
          "column": 32
        },
        "end": {
          "line": 13,
          "column": 50
        }
      },
      "11": {
        "start": {
          "line": 15,
          "column": 27
        },
        "end": {
          "line": 15,
          "column": 40
        }
      },
      "12": {
        "start": {
          "line": 16,
          "column": 29
        },
        "end": {
          "line": 16,
          "column": 44
        }
      },
      "13": {
        "start": {
          "line": 17,
          "column": 35
        },
        "end": {
          "line": 17,
          "column": 56
        }
      },
      "14": {
        "start": {
          "line": 18,
          "column": 40
        },
        "end": {
          "line": 18,
          "column": 66
        }
      },
      "15": {
        "start": {
          "line": 20,
          "column": 30
        },
        "end": {
          "line": 20,
          "column": 46
        }
      },
      "16": {
        "start": {
          "line": 21,
          "column": 30
        },
        "end": {
          "line": 21,
          "column": 46
        }
      },
      "17": {
        "start": {
          "line": 22,
          "column": 30
        },
        "end": {
          "line": 22,
          "column": 46
        }
      },
      "18": {
        "start": {
          "line": 24,
          "column": 35
        },
        "end": {
          "line": 24,
          "column": 56
        }
      },
      "19": {
        "start": {
          "line": 25,
          "column": 31
        },
        "end": {
          "line": 25,
          "column": 48
        }
      },
      "20": {
        "start": {
          "line": 26,
          "column": 31
        },
        "end": {
          "line": 26,
          "column": 48
        }
      },
      "21": {
        "start": {
          "line": 27,
          "column": 35
        },
        "end": {
          "line": 27,
          "column": 56
        }
      },
      "22": {
        "start": {
          "line": 28,
          "column": 42
        },
        "end": {
          "line": 28,
          "column": 70
        }
      },
      "23": {
        "start": {
          "line": 30,
          "column": 29
        },
        "end": {
          "line": 30,
          "column": 45
        }
      },
      "24": {
        "start": {
          "line": 31,
          "column": 32
        },
        "end": {
          "line": 31,
          "column": 50
        }
      },
      "25": {
        "start": {
          "line": 32,
          "column": 34
        },
        "end": {
          "line": 32,
          "column": 54
        }
      },
      "26": {
        "start": {
          "line": 33,
          "column": 36
        },
        "end": {
          "line": 33,
          "column": 58
        }
      },
      "27": {
        "start": {
          "line": 34,
          "column": 37
        },
        "end": {
          "line": 34,
          "column": 60
        }
      },
      "28": {
        "start": {
          "line": 36,
          "column": 33
        },
        "end": {
          "line": 36,
          "column": 52
        }
      },
      "29": {
        "start": {
          "line": 37,
          "column": 38
        },
        "end": {
          "line": 37,
          "column": 62
        }
      },
      "30": {
        "start": {
          "line": 38,
          "column": 35
        },
        "end": {
          "line": 38,
          "column": 56
        }
      },
      "31": {
        "start": {
          "line": 39,
          "column": 29
        },
        "end": {
          "line": 39,
          "column": 44
        }
      },
      "32": {
        "start": {
          "line": 40,
          "column": 31
        },
        "end": {
          "line": 40,
          "column": 48
        }
      },
      "33": {
        "start": {
          "line": 41,
          "column": 33
        },
        "end": {
          "line": 41,
          "column": 52
        }
      },
      "34": {
        "start": {
          "line": 43,
          "column": 34
        },
        "end": {
          "line": 43,
          "column": 54
        }
      },
      "35": {
        "start": {
          "line": 44,
          "column": 36
        },
        "end": {
          "line": 44,
          "column": 58
        }
      },
      "36": {
        "start": {
          "line": 48,
          "column": 34
        },
        "end": {
          "line": 48,
          "column": 54
        }
      },
      "37": {
        "start": {
          "line": 49,
          "column": 29
        },
        "end": {
          "line": 49,
          "column": 44
        }
      }
    },
    "fnMap": {},
    "branchMap": {},
    "s": {
      "0": 7,
      "1": 7,
      "2": 7,
      "3": 7,
      "4": 7,
      "5": 7,
      "6": 7,
      "7": 7,
      "8": 7,
      "9": 7,
      "10": 7,
      "11": 7,
      "12": 7,
      "13": 7,
      "14": 7,
      "15": 7,
      "16": 7,
      "17": 7,
      "18": 7,
      "19": 7,
      "20": 7,
      "21": 7,
      "22": 7,
      "23": 7,
      "24": 7,
      "25": 7,
      "26": 7,
      "27": 7,
      "28": 7,
      "29": 7,
      "30": 7,
      "31": 7,
      "32": 7,
      "33": 7,
      "34": 7,
      "35": 7,
      "36": 7,
      "37": 7
    },
    "f": {},
    "b": {},
    "_coverageSchema": "1a1c01bbd47fc00a2c39e90264f33305004495a9",
    "hash": "aee738a8d035a108705a617212f597932390548c"
  },
  "D:\\cpv_nextgen_ui\\src\\duck\\reducers\\chartDataReducer.js": {
    "path": "D:\\cpv_nextgen_ui\\src\\duck\\reducers\\chartDataReducer.js",
    "statementMap": {
      "0": {
        "start": {
          "line": 3,
          "column": 18
        },
        "end": {
          "line": 16,
          "column": 1
        }
      },
      "1": {
        "start": {
          "line": 19,
          "column": 2
        },
        "end": {
          "line": 50,
          "column": 3
        }
      },
      "2": {
        "start": {
          "line": 21,
          "column": 6
        },
        "end": {
          "line": 21,
          "column": 53
        }
      },
      "3": {
        "start": {
          "line": 23,
          "column": 6
        },
        "end": {
          "line": 23,
          "column": 53
        }
      },
      "4": {
        "start": {
          "line": 25,
          "column": 6
        },
        "end": {
          "line": 25,
          "column": 53
        }
      },
      "5": {
        "start": {
          "line": 27,
          "column": 6
        },
        "end": {
          "line": 27,
          "column": 54
        }
      },
      "6": {
        "start": {
          "line": 29,
          "column": 6
        },
        "end": {
          "line": 29,
          "column": 54
        }
      },
      "7": {
        "start": {
          "line": 31,
          "column": 6
        },
        "end": {
          "line": 31,
          "column": 53
        }
      },
      "8": {
        "start": {
          "line": 33,
          "column": 6
        },
        "end": {
          "line": 33,
          "column": 53
        }
      },
      "9": {
        "start": {
          "line": 35,
          "column": 6
        },
        "end": {
          "line": 35,
          "column": 51
        }
      },
      "10": {
        "start": {
          "line": 37,
          "column": 6
        },
        "end": {
          "line": 37,
          "column": 56
        }
      },
      "11": {
        "start": {
          "line": 39,
          "column": 6
        },
        "end": {
          "line": 39,
          "column": 61
        }
      },
      "12": {
        "start": {
          "line": 41,
          "column": 6
        },
        "end": {
          "line": 41,
          "column": 56
        }
      },
      "13": {
        "start": {
          "line": 43,
          "column": 6
        },
        "end": {
          "line": 43,
          "column": 48
        }
      },
      "14": {
        "start": {
          "line": 45,
          "column": 6
        },
        "end": {
          "line": 45,
          "column": 50
        }
      },
      "15": {
        "start": {
          "line": 47,
          "column": 6
        },
        "end": {
          "line": 47,
          "column": 23
        }
      },
      "16": {
        "start": {
          "line": 49,
          "column": 6
        },
        "end": {
          "line": 49,
          "column": 19
        }
      }
    },
    "fnMap": {
      "0": {
        "name": "(anonymous_0)",
        "decl": {
          "start": {
            "line": 18,
            "column": 15
          },
          "end": {
            "line": 18,
            "column": 16
          }
        },
        "loc": {
          "start": {
            "line": 18,
            "column": 46
          },
          "end": {
            "line": 51,
            "column": 1
          }
        },
        "line": 18
      }
    },
    "branchMap": {
      "0": {
        "loc": {
          "start": {
            "line": 18,
            "column": 16
          },
          "end": {
            "line": 18,
            "column": 33
          }
        },
        "type": "default-arg",
        "locations": [
          {
            "start": {
              "line": 18,
              "column": 24
            },
            "end": {
              "line": 18,
              "column": 33
            }
          }
        ],
        "line": 18
      },
      "1": {
        "loc": {
          "start": {
            "line": 19,
            "column": 2
          },
          "end": {
            "line": 50,
            "column": 3
          }
        },
        "type": "switch",
        "locations": [
          {
            "start": {
              "line": 20,
              "column": 4
            },
            "end": {
              "line": 21,
              "column": 53
            }
          },
          {
            "start": {
              "line": 22,
              "column": 4
            },
            "end": {
              "line": 23,
              "column": 53
            }
          },
          {
            "start": {
              "line": 24,
              "column": 4
            },
            "end": {
              "line": 25,
              "column": 53
            }
          },
          {
            "start": {
              "line": 26,
              "column": 4
            },
            "end": {
              "line": 27,
              "column": 54
            }
          },
          {
            "start": {
              "line": 28,
              "column": 4
            },
            "end": {
              "line": 29,
              "column": 54
            }
          },
          {
            "start": {
              "line": 30,
              "column": 4
            },
            "end": {
              "line": 31,
              "column": 53
            }
          },
          {
            "start": {
              "line": 32,
              "column": 4
            },
            "end": {
              "line": 33,
              "column": 53
            }
          },
          {
            "start": {
              "line": 34,
              "column": 4
            },
            "end": {
              "line": 35,
              "column": 51
            }
          },
          {
            "start": {
              "line": 36,
              "column": 4
            },
            "end": {
              "line": 37,
              "column": 56
            }
          },
          {
            "start": {
              "line": 38,
              "column": 4
            },
            "end": {
              "line": 39,
              "column": 61
            }
          },
          {
            "start": {
              "line": 40,
              "column": 4
            },
            "end": {
              "line": 41,
              "column": 56
            }
          },
          {
            "start": {
              "line": 42,
              "column": 4
            },
            "end": {
              "line": 43,
              "column": 48
            }
          },
          {
            "start": {
              "line": 44,
              "column": 4
            },
            "end": {
              "line": 45,
              "column": 50
            }
          },
          {
            "start": {
              "line": 46,
              "column": 4
            },
            "end": {
              "line": 47,
              "column": 23
            }
          },
          {
            "start": {
              "line": 48,
              "column": 4
            },
            "end": {
              "line": 49,
              "column": 19
            }
          }
        ],
        "line": 19
      }
    },
    "s": {
      "0": 7,
      "1": 76,
      "2": 0,
      "3": 0,
      "4": 0,
      "5": 0,
      "6": 0,
      "7": 0,
      "8": 0,
      "9": 0,
      "10": 0,
      "11": 0,
      "12": 0,
      "13": 0,
      "14": 0,
      "15": 2,
      "16": 74
    },
    "f": {
      "0": 76
    },
    "b": {
      "0": [
        21
      ],
      "1": [
        0,
        0,
        0,
        0,
        0,
        0,
        0,
        0,
        0,
        0,
        0,
        0,
        0,
        2,
        74
      ]
    },
    "_coverageSchema": "1a1c01bbd47fc00a2c39e90264f33305004495a9",
    "hash": "495084a70698f01485dd657133f8dfad4f14b865"
  },
  "D:\\cpv_nextgen_ui\\src\\duck\\reducers\\chartPersReducer.js": {
    "path": "D:\\cpv_nextgen_ui\\src\\duck\\reducers\\chartPersReducer.js",
    "statementMap": {
      "0": {
        "start": {
          "line": 3,
          "column": 18
        },
        "end": {
          "line": 9,
          "column": 1
        }
      },
      "1": {
        "start": {
          "line": 12,
          "column": 2
        },
        "end": {
          "line": 27,
          "column": 3
        }
      },
      "2": {
        "start": {
          "line": 14,
          "column": 6
        },
        "end": {
          "line": 14,
          "column": 48
        }
      },
      "3": {
        "start": {
          "line": 16,
          "column": 6
        },
        "end": {
          "line": 16,
          "column": 53
        }
      },
      "4": {
        "start": {
          "line": 18,
          "column": 6
        },
        "end": {
          "line": 18,
          "column": 58
        }
      },
      "5": {
        "start": {
          "line": 20,
          "column": 6
        },
        "end": {
          "line": 20,
          "column": 60
        }
      },
      "6": {
        "start": {
          "line": 22,
          "column": 6
        },
        "end": {
          "line": 22,
          "column": 62
        }
      },
      "7": {
        "start": {
          "line": 24,
          "column": 6
        },
        "end": {
          "line": 24,
          "column": 23
        }
      },
      "8": {
        "start": {
          "line": 26,
          "column": 6
        },
        "end": {
          "line": 26,
          "column": 19
        }
      }
    },
    "fnMap": {
      "0": {
        "name": "(anonymous_0)",
        "decl": {
          "start": {
            "line": 11,
            "column": 15
          },
          "end": {
            "line": 11,
            "column": 16
          }
        },
        "loc": {
          "start": {
            "line": 11,
            "column": 46
          },
          "end": {
            "line": 28,
            "column": 1
          }
        },
        "line": 11
      }
    },
    "branchMap": {
      "0": {
        "loc": {
          "start": {
            "line": 11,
            "column": 16
          },
          "end": {
            "line": 11,
            "column": 33
          }
        },
        "type": "default-arg",
        "locations": [
          {
            "start": {
              "line": 11,
              "column": 24
            },
            "end": {
              "line": 11,
              "column": 33
            }
          }
        ],
        "line": 11
      },
      "1": {
        "loc": {
          "start": {
            "line": 12,
            "column": 2
          },
          "end": {
            "line": 27,
            "column": 3
          }
        },
        "type": "switch",
        "locations": [
          {
            "start": {
              "line": 13,
              "column": 4
            },
            "end": {
              "line": 14,
              "column": 48
            }
          },
          {
            "start": {
              "line": 15,
              "column": 4
            },
            "end": {
              "line": 16,
              "column": 53
            }
          },
          {
            "start": {
              "line": 17,
              "column": 4
            },
            "end": {
              "line": 18,
              "column": 58
            }
          },
          {
            "start": {
              "line": 19,
              "column": 4
            },
            "end": {
              "line": 20,
              "column": 60
            }
          },
          {
            "start": {
              "line": 21,
              "column": 4
            },
            "end": {
              "line": 22,
              "column": 62
            }
          },
          {
            "start": {
              "line": 23,
              "column": 4
            },
            "end": {
              "line": 24,
              "column": 23
            }
          },
          {
            "start": {
              "line": 25,
              "column": 4
            },
            "end": {
              "line": 26,
              "column": 19
            }
          }
        ],
        "line": 12
      }
    },
    "s": {
      "0": 7,
      "1": 76,
      "2": 0,
      "3": 0,
      "4": 0,
      "5": 0,
      "6": 2,
      "7": 2,
      "8": 72
    },
    "f": {
      "0": 76
    },
    "b": {
      "0": [
        21
      ],
      "1": [
        0,
        0,
        0,
        0,
        2,
        2,
        72
      ]
    },
    "_coverageSchema": "1a1c01bbd47fc00a2c39e90264f33305004495a9",
    "hash": "e59b16382c16145dcdab1eb956a485a5910dc626"
  },
  "D:\\cpv_nextgen_ui\\src\\duck\\reducers\\chartViewReducer.js": {
    "path": "D:\\cpv_nextgen_ui\\src\\duck\\reducers\\chartViewReducer.js",
    "statementMap": {
      "0": {
        "start": {
          "line": 3,
          "column": 18
        },
        "end": {
          "line": 9,
          "column": 1
        }
      },
      "1": {
        "start": {
          "line": 12,
          "column": 2
        },
        "end": {
          "line": 27,
          "column": 3
        }
      },
      "2": {
        "start": {
          "line": 14,
          "column": 6
        },
        "end": {
          "line": 14,
          "column": 56
        }
      },
      "3": {
        "start": {
          "line": 16,
          "column": 6
        },
        "end": {
          "line": 16,
          "column": 50
        }
      },
      "4": {
        "start": {
          "line": 18,
          "column": 6
        },
        "end": {
          "line": 18,
          "column": 52
        }
      },
      "5": {
        "start": {
          "line": 20,
          "column": 6
        },
        "end": {
          "line": 20,
          "column": 54
        }
      },
      "6": {
        "start": {
          "line": 22,
          "column": 6
        },
        "end": {
          "line": 22,
          "column": 55
        }
      },
      "7": {
        "start": {
          "line": 24,
          "column": 6
        },
        "end": {
          "line": 24,
          "column": 23
        }
      },
      "8": {
        "start": {
          "line": 26,
          "column": 6
        },
        "end": {
          "line": 26,
          "column": 19
        }
      }
    },
    "fnMap": {
      "0": {
        "name": "(anonymous_0)",
        "decl": {
          "start": {
            "line": 11,
            "column": 15
          },
          "end": {
            "line": 11,
            "column": 16
          }
        },
        "loc": {
          "start": {
            "line": 11,
            "column": 46
          },
          "end": {
            "line": 28,
            "column": 1
          }
        },
        "line": 11
      }
    },
    "branchMap": {
      "0": {
        "loc": {
          "start": {
            "line": 11,
            "column": 16
          },
          "end": {
            "line": 11,
            "column": 33
          }
        },
        "type": "default-arg",
        "locations": [
          {
            "start": {
              "line": 11,
              "column": 24
            },
            "end": {
              "line": 11,
              "column": 33
            }
          }
        ],
        "line": 11
      },
      "1": {
        "loc": {
          "start": {
            "line": 12,
            "column": 2
          },
          "end": {
            "line": 27,
            "column": 3
          }
        },
        "type": "switch",
        "locations": [
          {
            "start": {
              "line": 13,
              "column": 4
            },
            "end": {
              "line": 14,
              "column": 56
            }
          },
          {
            "start": {
              "line": 15,
              "column": 4
            },
            "end": {
              "line": 16,
              "column": 50
            }
          },
          {
            "start": {
              "line": 17,
              "column": 4
            },
            "end": {
              "line": 18,
              "column": 52
            }
          },
          {
            "start": {
              "line": 19,
              "column": 4
            },
            "end": {
              "line": 20,
              "column": 54
            }
          },
          {
            "start": {
              "line": 21,
              "column": 4
            },
            "end": {
              "line": 22,
              "column": 55
            }
          },
          {
            "start": {
              "line": 23,
              "column": 4
            },
            "end": {
              "line": 24,
              "column": 23
            }
          },
          {
            "start": {
              "line": 25,
              "column": 4
            },
            "end": {
              "line": 26,
              "column": 19
            }
          }
        ],
        "line": 12
      }
    },
    "s": {
      "0": 7,
      "1": 76,
      "2": 0,
      "3": 2,
      "4": 2,
      "5": 2,
      "6": 2,
      "7": 2,
      "8": 66
    },
    "f": {
      "0": 76
    },
    "b": {
      "0": [
        21
      ],
      "1": [
        0,
        2,
        2,
        2,
        2,
        2,
        66
      ]
    },
    "_coverageSchema": "1a1c01bbd47fc00a2c39e90264f33305004495a9",
    "hash": "d4f1cccfd15bb96e7263efbb19949821e2c0e209"
  },
  "D:\\cpv_nextgen_ui\\src\\utils\\commonUtils.js": {
    "path": "D:\\cpv_nextgen_ui\\src\\utils\\commonUtils.js",
    "statementMap": {
      "0": {
        "start": {
          "line": 1,
          "column": 24
        },
        "end": {
          "line": 11,
          "column": 1
        }
      },
      "1": {
        "start": {
          "line": 2,
          "column": 16
        },
        "end": {
          "line": 2,
          "column": 18
        }
      },
      "2": {
        "start": {
          "line": 3,
          "column": 16
        },
        "end": {
          "line": 3,
          "column": 37
        }
      },
      "3": {
        "start": {
          "line": 5,
          "column": 4
        },
        "end": {
          "line": 9,
          "column": 5
        }
      },
      "4": {
        "start": {
          "line": 6,
          "column": 8
        },
        "end": {
          "line": 6,
          "column": 24
        }
      },
      "5": {
        "start": {
          "line": 8,
          "column": 8
        },
        "end": {
          "line": 8,
          "column": 24
        }
      },
      "6": {
        "start": {
          "line": 10,
          "column": 4
        },
        "end": {
          "line": 10,
          "column": 17
        }
      }
    },
    "fnMap": {
      "0": {
        "name": "(anonymous_0)",
        "decl": {
          "start": {
            "line": 1,
            "column": 24
          },
          "end": {
            "line": 1,
            "column": 25
          }
        },
        "loc": {
          "start": {
            "line": 1,
            "column": 30
          },
          "end": {
            "line": 11,
            "column": 1
          }
        },
        "line": 1
      }
    },
    "branchMap": {
      "0": {
        "loc": {
          "start": {
            "line": 5,
            "column": 4
          },
          "end": {
            "line": 9,
            "column": 5
          }
        },
        "type": "if",
        "locations": [
          {
            "start": {
              "line": 5,
              "column": 4
            },
            "end": {
              "line": 9,
              "column": 5
            }
          },
          {
            "start": {
              "line": 5,
              "column": 4
            },
            "end": {
              "line": 9,
              "column": 5
            }
          }
        ],
        "line": 5
      },
      "1": {
        "loc": {
          "start": {
            "line": 5,
            "column": 8
          },
          "end": {
            "line": 5,
            "column": 33
          }
        },
        "type": "binary-expr",
        "locations": [
          {
            "start": {
              "line": 5,
              "column": 8
            },
            "end": {
              "line": 5,
              "column": 18
            }
          },
          {
            "start": {
              "line": 5,
              "column": 22
            },
            "end": {
              "line": 5,
              "column": 33
            }
          }
        ],
        "line": 5
      }
    },
    "s": {
      "0": 7,
      "1": 7,
      "2": 7,
      "3": 7,
      "4": 7,
      "5": 0,
      "6": 7
    },
    "f": {
      "0": 7
    },
    "b": {
      "0": [
        7,
        0
      ],
      "1": [
        7,
        7
      ]
    },
    "_coverageSchema": "1a1c01bbd47fc00a2c39e90264f33305004495a9",
    "hash": "ae136dc9e4be976a11937ec55283c22d40c338b3"
  },
  "D:\\cpv_nextgen_ui\\src\\duck\\reducers\\commonReducer.js": {
    "path": "D:\\cpv_nextgen_ui\\src\\duck\\reducers\\commonReducer.js",
    "statementMap": {
      "0": {
        "start": {
          "line": 12,
          "column": 21
        },
        "end": {
          "line": 23,
          "column": 1
        }
      },
      "1": {
        "start": {
          "line": 26,
          "column": 4
        },
        "end": {
          "line": 69,
          "column": 5
        }
      },
      "2": {
        "start": {
          "line": 28,
          "column": 8
        },
        "end": {
          "line": 31,
          "column": 10
        }
      },
      "3": {
        "start": {
          "line": 33,
          "column": 8
        },
        "end": {
          "line": 36,
          "column": 10
        }
      },
      "4": {
        "start": {
          "line": 38,
          "column": 8
        },
        "end": {
          "line": 41,
          "column": 10
        }
      },
      "5": {
        "start": {
          "line": 43,
          "column": 8
        },
        "end": {
          "line": 49,
          "column": 10
        }
      },
      "6": {
        "start": {
          "line": 51,
          "column": 8
        },
        "end": {
          "line": 56,
          "column": 10
        }
      },
      "7": {
        "start": {
          "line": 58,
          "column": 8
        },
        "end": {
          "line": 61,
          "column": 10
        }
      },
      "8": {
        "start": {
          "line": 63,
          "column": 8
        },
        "end": {
          "line": 66,
          "column": 10
        }
      },
      "9": {
        "start": {
          "line": 68,
          "column": 8
        },
        "end": {
          "line": 68,
          "column": 21
        }
      }
    },
    "fnMap": {
      "0": {
        "name": "(anonymous_0)",
        "decl": {
          "start": {
            "line": 25,
            "column": 15
          },
          "end": {
            "line": 25,
            "column": 16
          }
        },
        "loc": {
          "start": {
            "line": 25,
            "column": 49
          },
          "end": {
            "line": 70,
            "column": 1
          }
        },
        "line": 25
      }
    },
    "branchMap": {
      "0": {
        "loc": {
          "start": {
            "line": 25,
            "column": 16
          },
          "end": {
            "line": 25,
            "column": 36
          }
        },
        "type": "default-arg",
        "locations": [
          {
            "start": {
              "line": 25,
              "column": 24
            },
            "end": {
              "line": 25,
              "column": 36
            }
          }
        ],
        "line": 25
      },
      "1": {
        "loc": {
          "start": {
            "line": 26,
            "column": 4
          },
          "end": {
            "line": 69,
            "column": 5
          }
        },
        "type": "switch",
        "locations": [
          {
            "start": {
              "line": 27,
              "column": 4
            },
            "end": {
              "line": 31,
              "column": 10
            }
          },
          {
            "start": {
              "line": 32,
              "column": 4
            },
            "end": {
              "line": 36,
              "column": 10
            }
          },
          {
            "start": {
              "line": 37,
              "column": 4
            },
            "end": {
              "line": 41,
              "column": 10
            }
          },
          {
            "start": {
              "line": 42,
              "column": 4
            },
            "end": {
              "line": 49,
              "column": 10
            }
          },
          {
            "start": {
              "line": 50,
              "column": 4
            },
            "end": {
              "line": 56,
              "column": 10
            }
          },
          {
            "start": {
              "line": 57,
              "column": 4
            },
            "end": {
              "line": 61,
              "column": 10
            }
          },
          {
            "start": {
              "line": 62,
              "column": 4
            },
            "end": {
              "line": 66,
              "column": 10
            }
          },
          {
            "start": {
              "line": 67,
              "column": 4
            },
            "end": {
              "line": 68,
              "column": 21
            }
          }
        ],
        "line": 26
      }
    },
    "s": {
      "0": 7,
      "1": 76,
      "2": 0,
      "3": 13,
      "4": 9,
      "5": 0,
      "6": 0,
      "7": 0,
      "8": 0,
      "9": 54
    },
    "f": {
      "0": 76
    },
    "b": {
      "0": [
        21
      ],
      "1": [
        0,
        13,
        9,
        0,
        0,
        0,
        0,
        54
      ]
    },
    "_coverageSchema": "1a1c01bbd47fc00a2c39e90264f33305004495a9",
    "hash": "390630bbabe908955c4ab0e46e0f751913aeee83"
  },
  "D:\\cpv_nextgen_ui\\src\\duck\\reducers\\reportDesignerReducer.js": {
    "path": "D:\\cpv_nextgen_ui\\src\\duck\\reducers\\reportDesignerReducer.js",
    "statementMap": {
      "0": {
        "start": {
          "line": 3,
          "column": 21
        },
        "end": {
          "line": 6,
          "column": 1
        }
      },
      "1": {
        "start": {
          "line": 9,
          "column": 4
        },
        "end": {
          "line": 16,
          "column": 5
        }
      },
      "2": {
        "start": {
          "line": 11,
          "column": 12
        },
        "end": {
          "line": 11,
          "column": 59
        }
      },
      "3": {
        "start": {
          "line": 13,
          "column": 12
        },
        "end": {
          "line": 13,
          "column": 55
        }
      },
      "4": {
        "start": {
          "line": 15,
          "column": 12
        },
        "end": {
          "line": 15,
          "column": 25
        }
      }
    },
    "fnMap": {
      "0": {
        "name": "(anonymous_0)",
        "decl": {
          "start": {
            "line": 8,
            "column": 15
          },
          "end": {
            "line": 8,
            "column": 16
          }
        },
        "loc": {
          "start": {
            "line": 8,
            "column": 49
          },
          "end": {
            "line": 17,
            "column": 1
          }
        },
        "line": 8
      }
    },
    "branchMap": {
      "0": {
        "loc": {
          "start": {
            "line": 8,
            "column": 16
          },
          "end": {
            "line": 8,
            "column": 36
          }
        },
        "type": "default-arg",
        "locations": [
          {
            "start": {
              "line": 8,
              "column": 24
            },
            "end": {
              "line": 8,
              "column": 36
            }
          }
        ],
        "line": 8
      },
      "1": {
        "loc": {
          "start": {
            "line": 9,
            "column": 4
          },
          "end": {
            "line": 16,
            "column": 5
          }
        },
        "type": "switch",
        "locations": [
          {
            "start": {
              "line": 10,
              "column": 8
            },
            "end": {
              "line": 11,
              "column": 59
            }
          },
          {
            "start": {
              "line": 12,
              "column": 8
            },
            "end": {
              "line": 13,
              "column": 55
            }
          },
          {
            "start": {
              "line": 14,
              "column": 8
            },
            "end": {
              "line": 15,
              "column": 25
            }
          }
        ],
        "line": 9
      }
    },
    "s": {
      "0": 7,
      "1": 76,
      "2": 0,
      "3": 0,
      "4": 76
    },
    "f": {
      "0": 76
    },
    "b": {
      "0": [
        21
      ],
      "1": [
        0,
        0,
        76
      ]
    },
    "_coverageSchema": "1a1c01bbd47fc00a2c39e90264f33305004495a9",
    "hash": "5658a1b5506a8f514c13dc0e7a877fdfc56b8ce1"
  },
  "D:\\cpv_nextgen_ui\\src\\duck\\reducers\\viewCreationReducer.js": {
    "path": "D:\\cpv_nextgen_ui\\src\\duck\\reducers\\viewCreationReducer.js",
    "statementMap": {
      "0": {
        "start": {
          "line": 3,
          "column": 18
        },
        "end": {
          "line": 6,
          "column": 1
        }
      },
      "1": {
        "start": {
          "line": 9,
          "column": 4
        },
        "end": {
          "line": 16,
          "column": 5
        }
      },
      "2": {
        "start": {
          "line": 11,
          "column": 8
        },
        "end": {
          "line": 11,
          "column": 54
        }
      },
      "3": {
        "start": {
          "line": 13,
          "column": 8
        },
        "end": {
          "line": 13,
          "column": 56
        }
      },
      "4": {
        "start": {
          "line": 15,
          "column": 8
        },
        "end": {
          "line": 15,
          "column": 21
        }
      }
    },
    "fnMap": {
      "0": {
        "name": "(anonymous_0)",
        "decl": {
          "start": {
            "line": 8,
            "column": 15
          },
          "end": {
            "line": 8,
            "column": 16
          }
        },
        "loc": {
          "start": {
            "line": 8,
            "column": 46
          },
          "end": {
            "line": 17,
            "column": 3
          }
        },
        "line": 8
      }
    },
    "branchMap": {
      "0": {
        "loc": {
          "start": {
            "line": 8,
            "column": 16
          },
          "end": {
            "line": 8,
            "column": 33
          }
        },
        "type": "default-arg",
        "locations": [
          {
            "start": {
              "line": 8,
              "column": 24
            },
            "end": {
              "line": 8,
              "column": 33
            }
          }
        ],
        "line": 8
      },
      "1": {
        "loc": {
          "start": {
            "line": 9,
            "column": 4
          },
          "end": {
            "line": 16,
            "column": 5
          }
        },
        "type": "switch",
        "locations": [
          {
            "start": {
              "line": 10,
              "column": 6
            },
            "end": {
              "line": 11,
              "column": 54
            }
          },
          {
            "start": {
              "line": 12,
              "column": 8
            },
            "end": {
              "line": 13,
              "column": 56
            }
          },
          {
            "start": {
              "line": 14,
              "column": 6
            },
            "end": {
              "line": 15,
              "column": 21
            }
          }
        ],
        "line": 9
      }
    },
    "s": {
      "0": 7,
      "1": 76,
      "2": 0,
      "3": 2,
      "4": 74
    },
    "f": {
      "0": 76
    },
    "b": {
      "0": [
        21
      ],
      "1": [
        0,
        2,
        74
      ]
    },
    "_coverageSchema": "1a1c01bbd47fc00a2c39e90264f33305004495a9",
    "hash": "70de45f99eb35113c6e39183267da251eaa4f9f8"
  },
  "D:\\cpv_nextgen_ui\\src\\duck\\reducers\\rootReducer.js": {
    "path": "D:\\cpv_nextgen_ui\\src\\duck\\reducers\\rootReducer.js",
    "statementMap": {
      "0": {
        "start": {
          "line": 10,
          "column": 26
        },
        "end": {
          "line": 19,
          "column": 4
        }
      },
      "1": {
        "start": {
          "line": 11,
          "column": 2
        },
        "end": {
          "line": 19,
          "column": 4
        }
      }
    },
    "fnMap": {
      "0": {
        "name": "(anonymous_0)",
        "decl": {
          "start": {
            "line": 10,
            "column": 26
          },
          "end": {
            "line": 10,
            "column": 27
          }
        },
        "loc": {
          "start": {
            "line": 11,
            "column": 2
          },
          "end": {
            "line": 19,
            "column": 4
          }
        },
        "line": 11
      }
    },
    "branchMap": {},
    "s": {
      "0": 7,
      "1": 7
    },
    "f": {
      "0": 7
    },
    "b": {},
    "_coverageSchema": "1a1c01bbd47fc00a2c39e90264f33305004495a9",
    "hash": "60b610d5c9a6c0615ddb5401d2b27984d61073b8"
  },
  "D:\\cpv_nextgen_ui\\src\\duck\\store.js": {
    "path": "D:\\cpv_nextgen_ui\\src\\duck\\store.js",
    "statementMap": {
      "0": {
        "start": {
          "line": 10,
          "column": 23
        },
        "end": {
          "line": 10,
          "column": 42
        }
      },
      "1": {
        "start": {
          "line": 12,
          "column": 25
        },
        "end": {
          "line": 12,
          "column": 79
        }
      },
      "2": {
        "start": {
          "line": 13,
          "column": 23
        },
        "end": {
          "line": 26,
          "column": 1
        }
      },
      "3": {
        "start": {
          "line": 14,
          "column": 34
        },
        "end": {
          "line": 14,
          "column": 59
        }
      },
      "4": {
        "start": {
          "line": 15,
          "column": 24
        },
        "end": {
          "line": 15,
          "column": 54
        }
      },
      "5": {
        "start": {
          "line": 17,
          "column": 4
        },
        "end": {
          "line": 19,
          "column": 5
        }
      },
      "6": {
        "start": {
          "line": 18,
          "column": 8
        },
        "end": {
          "line": 18,
          "column": 33
        }
      },
      "7": {
        "start": {
          "line": 21,
          "column": 4
        },
        "end": {
          "line": 25,
          "column": 6
        }
      }
    },
    "fnMap": {
      "0": {
        "name": "(anonymous_0)",
        "decl": {
          "start": {
            "line": 13,
            "column": 23
          },
          "end": {
            "line": 13,
            "column": 24
          }
        },
        "loc": {
          "start": {
            "line": 13,
            "column": 46
          },
          "end": {
            "line": 26,
            "column": 1
          }
        },
        "line": 13
      }
    },
    "branchMap": {
      "0": {
        "loc": {
          "start": {
            "line": 12,
            "column": 25
          },
          "end": {
            "line": 12,
            "column": 79
          }
        },
        "type": "binary-expr",
        "locations": [
          {
            "start": {
              "line": 12,
              "column": 25
            },
            "end": {
              "line": 12,
              "column": 68
            }
          },
          {
            "start": {
              "line": 12,
              "column": 72
            },
            "end": {
              "line": 12,
              "column": 79
            }
          }
        ],
        "line": 12
      },
      "1": {
        "loc": {
          "start": {
            "line": 13,
            "column": 24
          },
          "end": {
            "line": 13,
            "column": 41
          }
        },
        "type": "default-arg",
        "locations": [
          {
            "start": {
              "line": 13,
              "column": 39
            },
            "end": {
              "line": 13,
              "column": 41
            }
          }
        ],
        "line": 13
      },
      "2": {
        "loc": {
          "start": {
            "line": 17,
            "column": 4
          },
          "end": {
            "line": 19,
            "column": 5
          }
        },
        "type": "if",
        "locations": [
          {
            "start": {
              "line": 17,
              "column": 4
            },
            "end": {
              "line": 19,
              "column": 5
            }
          },
          {
            "start": {
              "line": 17,
              "column": 4
            },
            "end": {
              "line": 19,
              "column": 5
            }
          }
        ],
        "line": 17
      }
    },
    "s": {
      "0": 7,
      "1": 7,
      "2": 7,
      "3": 7,
      "4": 7,
      "5": 7,
      "6": 7,
      "7": 7
    },
    "f": {
      "0": 7
    },
    "b": {
      "0": [
        7,
        7
      ],
      "1": [
        7
      ],
      "2": [
        7,
        0
      ]
    },
    "_coverageSchema": "1a1c01bbd47fc00a2c39e90264f33305004495a9",
    "hash": "7bb77c485d03430b6abd0a894cc29794851f147c"
  },
  "D:\\cpv_nextgen_ui\\src\\serviceWorker.js": {
    "path": "D:\\cpv_nextgen_ui\\src\\serviceWorker.js",
    "statementMap": {
      "0": {
        "start": {
          "line": 13,
          "column": 20
        },
        "end": {
          "line": 21,
          "column": 1
        }
      },
      "1": {
        "start": {
          "line": 24,
          "column": 4
        },
        "end": {
          "line": 54,
          "column": 5
        }
      },
      "2": {
        "start": {
          "line": 26,
          "column": 26
        },
        "end": {
          "line": 26,
          "column": 79
        }
      },
      "3": {
        "start": {
          "line": 27,
          "column": 8
        },
        "end": {
          "line": 32,
          "column": 9
        }
      },
      "4": {
        "start": {
          "line": 31,
          "column": 12
        },
        "end": {
          "line": 31,
          "column": 19
        }
      },
      "5": {
        "start": {
          "line": 34,
          "column": 8
        },
        "end": {
          "line": 53,
          "column": 11
        }
      },
      "6": {
        "start": {
          "line": 35,
          "column": 26
        },
        "end": {
          "line": 35,
          "column": 71
        }
      },
      "7": {
        "start": {
          "line": 37,
          "column": 12
        },
        "end": {
          "line": 52,
          "column": 13
        }
      },
      "8": {
        "start": {
          "line": 39,
          "column": 16
        },
        "end": {
          "line": 39,
          "column": 55
        }
      },
      "9": {
        "start": {
          "line": 43,
          "column": 16
        },
        "end": {
          "line": 48,
          "column": 19
        }
      },
      "10": {
        "start": {
          "line": 44,
          "column": 20
        },
        "end": {
          "line": 47,
          "column": 22
        }
      },
      "11": {
        "start": {
          "line": 51,
          "column": 16
        },
        "end": {
          "line": 51,
          "column": 47
        }
      },
      "12": {
        "start": {
          "line": 58,
          "column": 4
        },
        "end": {
          "line": 98,
          "column": 11
        }
      },
      "13": {
        "start": {
          "line": 61,
          "column": 12
        },
        "end": {
[...]
              "column": 10
            },
            "end": {
              "line": 358,
              "column": 22
            }
          },
          {
            "start": {
              "line": 358,
              "column": 26
            },
            "end": {
              "line": 358,
              "column": 68
            }
          }
        ],
        "line": 358
      },
      "30": {
        "loc": {
          "start": {
            "line": 372,
            "column": 6
          },
          "end": {
            "line": 382,
            "column": 7
          }
        },
        "type": "if",
        "locations": [
          {
            "start": {
              "line": 372,
              "column": 6
            },
            "end": {
              "line": 382,
              "column": 7
            }
          },
          {
            "start": {
              "line": 372,
              "column": 6
            },
            "end": {
              "line": 382,
              "column": 7
            }
          }
        ],
        "line": 372
      },
      "31": {
        "loc": {
          "start": {
            "line": 378,
            "column": 13
          },
          "end": {
            "line": 382,
            "column": 7
          }
        },
        "type": "if",
        "locations": [
          {
            "start": {
              "line": 378,
              "column": 13
            },
            "end": {
              "line": 382,
              "column": 7
            }
          },
          {
            "start": {
              "line": 378,
              "column": 13
            },
            "end": {
              "line": 382,
              "column": 7
            }
          }
        ],
        "line": 378
      },
      "32": {
        "loc": {
          "start": {
            "line": 398,
            "column": 20
          },
          "end": {
            "line": 398,
            "column": 46
          }
        },
        "type": "cond-expr",
        "locations": [
          {
            "start": {
              "line": 398,
              "column": 32
            },
            "end": {
              "line": 398,
              "column": 41
            }
          },
          {
            "start": {
              "line": 398,
              "column": 44
            },
            "end": {
              "line": 398,
              "column": 46
            }
          }
        ],
        "line": 398
      },
      "33": {
        "loc": {
          "start": {
            "line": 399,
            "column": 20
          },
          "end": {
            "line": 399,
            "column": 44
          }
        },
        "type": "cond-expr",
        "locations": [
          {
            "start": {
              "line": 399,
              "column": 30
            },
            "end": {
              "line": 399,
              "column": 37
            }
          },
          {
            "start": {
              "line": 399,
              "column": 40
            },
            "end": {
              "line": 399,
              "column": 44
            }
          }
        ],
        "line": 399
      },
      "34": {
        "loc": {
          "start": {
            "line": 400,
            "column": 12
          },
          "end": {
            "line": 400,
            "column": 30
          }
        },
        "type": "cond-expr",
        "locations": [
          {
            "start": {
              "line": 400,
              "column": 19
            },
            "end": {
              "line": 400,
              "column": 23
            }
          },
          {
            "start": {
              "line": 400,
              "column": 26
            },
            "end": {
              "line": 400,
              "column": 30
            }
          }
        ],
        "line": 400
      },
      "35": {
        "loc": {
          "start": {
            "line": 401,
            "column": 12
          },
          "end": {
            "line": 401,
            "column": 40
          }
        },
        "type": "cond-expr",
        "locations": [
          {
            "start": {
              "line": 401,
              "column": 24
            },
            "end": {
              "line": 401,
              "column": 33
            }
          },
          {
            "start": {
              "line": 401,
              "column": 36
            },
            "end": {
              "line": 401,
              "column": 40
            }
          }
        ],
        "line": 401
      },
      "36": {
        "loc": {
          "start": {
            "line": 402,
            "column": 23
          },
          "end": {
            "line": 402,
            "column": 58
          }
        },
        "type": "cond-expr",
        "locations": [
          {
            "start": {
              "line": 402,
              "column": 38
            },
            "end": {
              "line": 402,
              "column": 50
            }
          },
          {
            "start": {
              "line": 402,
              "column": 53
            },
            "end": {
              "line": 402,
              "column": 58
            }
          }
        ],
        "line": 402
      },
      "37": {
        "loc": {
          "start": {
            "line": 408,
            "column": 6
          },
          "end": {
            "line": 416,
            "column": 7
          }
        },
        "type": "if",
        "locations": [
          {
            "start": {
              "line": 408,
              "column": 6
            },
            "end": {
              "line": 416,
              "column": 7
            }
          },
          {
            "start": {
              "line": 408,
              "column": 6
            },
            "end": {
              "line": 416,
              "column": 7
            }
          }
        ],
        "line": 408
      },
      "38": {
        "loc": {
          "start": {
            "line": 409,
            "column": 23
          },
          "end": {
            "line": 409,
            "column": 69
          }
        },
        "type": "cond-expr",
        "locations": [
          {
            "start": {
              "line": 409,
              "column": 51
            },
            "end": {
              "line": 409,
              "column": 64
            }
          },
          {
            "start": {
              "line": 409,
              "column": 67
            },
            "end": {
              "line": 409,
              "column": 69
            }
          }
        ],
        "line": 409
      },
      "39": {
        "loc": {
          "start": {
            "line": 409,
            "column": 23
          },
          "end": {
            "line": 409,
            "column": 48
          }
        },
        "type": "binary-expr",
        "locations": [
          {
            "start": {
              "line": 409,
              "column": 23
            },
            "end": {
              "line": 409,
              "column": 31
            }
          },
          {
            "start": {
              "line": 409,
              "column": 35
            },
            "end": {
              "line": 409,
              "column": 48
            }
          }
        ],
        "line": 409
      },
      "40": {
        "loc": {
          "start": {
            "line": 412,
            "column": 13
          },
          "end": {
            "line": 416,
            "column": 7
          }
        },
        "type": "if",
        "locations": [
          {
            "start": {
              "line": 412,
              "column": 13
            },
            "end": {
              "line": 416,
              "column": 7
            }
          },
          {
            "start": {
              "line": 412,
              "column": 13
            },
            "end": {
              "line": 416,
              "column": 7
            }
          }
        ],
        "line": 412
      },
      "41": {
        "loc": {
          "start": {
            "line": 438,
            "column": 11
          },
          "end": {
            "line": 458,
            "column": 11
          }
        },
        "type": "binary-expr",
        "locations": [
          {
            "start": {
              "line": 438,
              "column": 11
            },
            "end": {
              "line": 438,
              "column": 27
            }
          },
          {
            "start": {
              "line": 439,
              "column": 12
            },
            "end": {
              "line": 457,
              "column": 21
            }
          }
        ],
        "line": 438
      },
      "42": {
        "loc": {
          "start": {
            "line": 468,
            "column": 11
          },
          "end": {
            "line": 497,
            "column": 11
          }
        },
        "type": "binary-expr",
        "locations": [
          {
            "start": {
              "line": 468,
              "column": 11
            },
            "end": {
              "line": 468,
              "column": 28
            }
          },
          {
            "start": {
              "line": 469,
              "column": 12
            },
            "end": {
              "line": 496,
              "column": 15
            }
          }
        ],
        "line": 468
      },
      "43": {
        "loc": {
          "start": {
            "line": 513,
            "column": 13
          },
          "end": {
            "line": 517,
            "column": 13
          }
        },
        "type": "binary-expr",
        "locations": [
          {
            "start": {
              "line": 513,
              "column": 13
            },
            "end": {
              "line": 513,
              "column": 23
            }
          },
          {
            "start": {
              "line": 514,
              "column": 14
            },
            "end": {
              "line": 516,
              "column": 20
            }
          }
        ],
        "line": 513
      },
      "44": {
        "loc": {
          "start": {
            "line": 518,
            "column": 13
          },
          "end": {
            "line": 522,
            "column": 13
          }
        },
        "type": "binary-expr",
        "locations": [
          {
            "start": {
              "line": 518,
              "column": 13
            },
            "end": {
              "line": 518,
              "column": 26
            }
          },
          {
            "start": {
              "line": 519,
              "column": 14
            },
            "end": {
              "line": 521,
              "column": 20
            }
          }
        ],
        "line": 518
      },
      "45": {
        "loc": {
          "start": {
            "line": 524,
            "column": 11
          },
          "end": {
            "line": 535,
            "column": 11
          }
        },
        "type": "binary-expr",
        "locations": [
          {
            "start": {
              "line": 524,
              "column": 11
            },
            "end": {
              "line": 524,
              "column": 20
            }
          },
          {
            "start": {
              "line": 525,
              "column": 12
            },
            "end": {
              "line": 534,
              "column": 18
            }
          }
        ],
        "line": 524
      },
      "46": {
        "loc": {
          "start": {
            "line": 536,
            "column": 11
          },
          "end": {
            "line": 540,
            "column": 11
          }
        },
        "type": "binary-expr",
        "locations": [
          {
            "start": {
              "line": 536,
              "column": 11
            },
            "end": {
              "line": 536,
              "column": 28
            }
          },
          {
            "start": {
              "line": 537,
              "column": 12
            },
            "end": {
              "line": 539,
              "column": 18
            }
          }
        ],
        "line": 536
      },
      "47": {
        "loc": {
          "start": {
            "line": 581,
            "column": 30
          },
          "end": {
            "line": 581,
            "column": 58
          }
        },
        "type": "cond-expr",
        "locations": [
          {
            "start": {
              "line": 581,
              "column": 43
            },
            "end": {
              "line": 581,
              "column": 53
            }
          },
          {
            "start": {
              "line": 581,
              "column": 56
            },
            "end": {
              "line": 581,
              "column": 58
            }
          }
        ],
        "line": 581
      }
    },
    "s": {
      "0": 20,
      "1": 20,
      "2": 20,
      "3": 20,
      "4": 20,
      "5": 20,
      "6": 20,
      "7": 20,
      "8": 20,
      "9": 20,
      "10": 20,
      "11": 20,
      "12": 20,
      "13": 20,
      "14": 20,
      "15": 20,
      "16": 20,
      "17": 20,
      "18": 20,
      "19": 20,
      "20": 20,
      "21": 20,
      "22": 20,
      "23": 47,
      "24": 20,
      "25": 47,
      "26": 20,
      "27": 47,
      "28": 20,
      "29": 20,
      "30": 2,
      "31": 2,
      "32": 20,
      "33": 2,
      "34": 2,
      "35": 2,
      "36": 2,
      "37": 2,
      "38": 2,
      "39": 2,
      "40": 2,
      "41": 2,
      "42": 20,
      "43": 2,
      "44": 2,
      "45": 2,
      "46": 2,
      "47": 2,
      "48": 2,
      "49": 2,
      "50": 2,
      "51": 2,
      "52": 20,
      "53": 0,
      "54": 0,
      "55": 0,
      "56": 0,
      "57": 20,
      "58": 0,
      "59": 0,
      "60": 0,
      "61": 0,
      "62": 0,
      "63": 0,
      "64": 20,
      "65": 0,
      "66": 20,
      "67": 0,
      "68": 0,
      "69": 0,
      "70": 0,
      "71": 0,
      "72": 0,
      "73": 0,
      "74": 0,
      "75": 0,
      "76": 0,
      "77": 0,
      "78": 0,
      "79": 20,
      "80": 0,
      "81": 0,
      "82": 0,
      "83": 0,
      "84": 0,
      "85": 0,
      "86": 20,
      "87": 0,
      "88": 0,
      "89": 0,
      "90": 0,
      "91": 0,
      "92": 0,
      "93": 0,
      "94": 0,
      "95": 20,
      "96": 0,
      "97": 0,
      "98": 0,
      "99": 0,
      "100": 0,
      "101": 20,
      "102": 0,
      "103": 0,
      "104": 0,
      "105": 0,
      "106": 0,
      "107": 0,
      "108": 0,
      "109": 0,
      "110": 0,
      "111": 0,
      "112": 20,
      "113": 0,
      "114": 0,
      "115": 0,
      "116": 0,
      "117": 0,
      "118": 20,
      "119": 0,
      "120": 0,
      "121": 0,
      "122": 0,
      "123": 0,
      "124": 20,
      "125": 0,
      "126": 0,
      "127": 0,
      "128": 20,
      "129": 0,
      "130": 20,
      "131": 4,
      "132": 4,
      "133": 4,
      "134": 4,
      "135": 3,
      "136": 3,
      "137": 3,
      "138": 0,
      "139": 0,
      "140": 20,
      "141": 4,
      "142": 4,
      "143": 4,
      "144": 4,
      "145": 4,
      "146": 3,
      "147": 297,
      "148": 297,
      "149": 297,
      "150": 297,
      "151": 297,
      "152": 297,
      "153": 297,
      "154": 297,
      "155": 297,
      "156": 297,
      "157": 297,
      "158": 297,
      "159": 3,
      "160": 3,
      "161": 0,
      "162": 0,
      "163": 20,
      "164": 0,
      "165": 0,
      "166": 0,
      "167": 0,
      "168": 0,
      "169": 0,
      "170": 0,
      "171": 0,
      "172": 0,
      "173": 0,
      "174": 0,
      "175": 0,
      "176": 0,
      "177": 0,
      "178": 0,
      "179": 0,
      "180": 0,
      "181": 0,
      "182": 0,
      "183": 0,
      "184": 0,
      "185": 0,
      "186": 0,
      "187": 0,
      "188": 20,
      "189": 0,
      "190": 0,
      "191": 0,
      "192": 0,
      "193": 0,
      "194": 0,
      "195": 0,
      "196": 0,
      "197": 0,
      "198": 0,
      "199": 0,
      "200": 0,
      "201": 0,
      "202": 2,
      "203": 2,
      "204": 2,
      "205": 2,
      "206": 0,
      "207": 0,
      "208": 0,
      "209": 0,
      "210": 0,
      "211": 0,
      "212": 0,
      "213": 0,
      "214": 0,
      "215": 0,
      "216": 0,
      "217": 20,
      "218": 2,
      "219": 2,
      "220": 2,
      "221": 2,
      "222": 2,
      "223": 2,
      "224": 2,
      "225": 2,
      "226": 2,
      "227": 2,
      "228": 2,
      "229": 0,
      "230": 0,
      "231": 0,
      "232": 0,
      "233": 0,
      "234": 0
    },
    "f": {
      "0": 20,
      "1": 47,
      "2": 47,
      "3": 47,
      "4": 2,
      "5": 2,
      "6": 2,
      "7": 0,
      "8": 0,
      "9": 0,
      "10": 0,
      "11": 0,
      "12": 0,
      "13": 0,
      "14": 0,
      "15": 0,
      "16": 0,
      "17": 0,
      "18": 0,
      "19": 4,
      "20": 4,
      "21": 297,
      "22": 0,
      "23": 0,
      "24": 2,
      "25": 2,
      "26": 0,
      "27": 0,
      "28": 0,
      "29": 0
    },
    "b": {
      "0": [
        2,
        0
      ],
      "1": [
        0,
        0
      ],
      "2": [
        0,
        0
      ],
      "3": [
        0,
        0
      ],
      "4": [
        0,
        0
      ],
      "5": [
        0,
        0
      ],
      "6": [
        0,
        0
      ],
      "7": [
        0,
        0
      ],
      "8": [
        3,
        0
      ],
      "9": [
        0,
        0
      ],
      "10": [
        0,
        0
      ],
      "11": [
        0,
        0
      ],
      "12": [
        0,
        0
      ],
      "13": [
        0,
        0
      ],
      "14": [
        0,
        0
      ],
      "15": [
        0,
        0
      ],
      "16": [
        0,
        0
      ],
      "17": [
        0,
        0
      ],
      "18": [
        0,
        0
      ],
      "19": [
        0,
        0
      ],
      "20": [
        0,
        0
      ],
      "21": [
        0,
        0
      ],
      "22": [
        0,
        0
      ],
      "23": [
        0,
        0
      ],
      "24": [
        0,
        0
      ],
      "25": [
        0,
        0
      ],
      "26": [
        0,
        0
      ],
      "27": [
        0,
        0
      ],
      "28": [
        0,
        0
      ],
      "29": [
        0,
        0
      ],
      "30": [
        0,
        0
      ],
      "31": [
        0,
        0
      ],
      "32": [
        2,
        0
      ],
      "33": [
        2,
        0
      ],
      "34": [
        0,
        2
      ],
      "35": [
        0,
        2
      ],
      "36": [
        0,
        2
      ],
      "37": [
        0,
        0
      ],
      "38": [
        0,
        0
      ],
      "39": [
        0,
        0
      ],
      "40": [
        0,
        0
      ],
      "41": [
        20,
        9
      ],
      "42": [
        20,
        11
      ],
      "43": [
        20,
        11
      ],
      "44": [
        20,
        11
      ],
      "45": [
        20,
        11
      ],
      "46": [
        20,
        11
      ],
      "47": [
        0,
        20
      ]
    },
    "_coverageSchema": "1a1c01bbd47fc00a2c39e90264f33305004495a9",
    "hash": "6a1d0f50362569ad67f829575b0e6c70fc8ecc49"
  },
  "D:\\cpv_nextgen_ui\\src\\app\\dashboard\\chartPersonalization\\index.js": {
    "path": "D:\\cpv_nextgen_ui\\src\\app\\dashboard\\chartPersonalization\\index.js",
    "statementMap": {},
    "fnMap": {},
    "branchMap": {},
    "s": {},
    "f": {},
    "b": {},
    "_coverageSchema": "1a1c01bbd47fc00a2c39e90264f33305004495a9",
    "hash": "150ecdd4a72e4a712e178f6b7cf343a885caf782"
  }
}